<?xml version="1.0" encoding="UTF-8"?>
<testsuite xmlns:xsi="http://www.w3.org/2001/XMLSchema-instance" xsi:noNamespaceSchemaLocation="https://maven.apache.org/surefire/maven-surefire-plugin/xsd/surefire-test-report.xsd" name="ConstructorTests" time="34.619" tests="3" errors="1" skipped="0" failures="0">
  <properties>
[...]
</properties>
  <testcase name="goToBunTabTest" classname="ConstructorTests" time="17.217">
    <error message="element click intercepted: Element &lt;div class=&quot;tab_tab__1SPyG tab_tab_type_current__2BEPc pt-4 pr-10 pb-4 pl-10 noselect&quot;&gt;...&lt;/div&gt; is not clickable at point (100, 155). Other element would receive the click: &lt;div style=&quot;display: flex;&quot;&gt;...&lt;/div&gt;&#10;  (Session info: chrome=126.0.6478.2379)&#10;Build info: version: &apos;4.18.1&apos;, revision: &apos;b1d3319b48&apos;&#10;System info: os.name: &apos;Windows 10&apos;, os.arch: &apos;amd64&apos;, os.version: &apos;10.0&apos;, java.version: &apos;11.0.22&apos;&#10;Driver info: org.openqa.selenium.chrome.ChromeDriver&#10;Command: [2445fe7cfa7a708aef235441a622b4e5, clickElement {id=f.8355C340F6897DCC1B85555E441A3704.d.3252CFF9F4AA5A69B1CE0346F1D931CC.e.57}]&#10;Capabilities {acceptInsecureCerts: false, browserName: chrome, browserVersion: 126.0.6478.2379, chrome: {chromedriverVersion: 126.0.6478.182 (5b5d8292ddf..., userDataDir: C:\Windows\SystemTemp\scope...}, fedcm:accounts: true, goog:chromeOptions: {debuggerAddress: localhost:59335}, networkConnectionEnabled: false, pageLoadStrategy: normal, platformName: windows, proxy: Proxy(), se:cdp: ws://localhost:59335/devtoo..., se:cdpVersion: 126.0.6478.2379, setWindowRect: true, strictFileInteractability: false, timeouts: {implicit: 0, pageLoad: 300000, script: 30000}, unhandledPromptBehavior: dismiss and notify, webauthn:extension:credBlob: true, webauthn:extension:largeBlob: true, webauthn:extension:minPinLength: true, webauthn:extension:prf: true, webauthn:virtualAuthenticators: true}&#10;Element: [[ChromeDriver: chrome on windows (2445fe7cfa7a708aef235441a622b4e5)] -&gt; xpath: .//div[span[text()=&apos;Булки&apos;]]]&#10;Session ID: 2445fe7cfa7a708aef235441a622b4e5" type="org.openqa.selenium.ElementClickInterceptedException"><![CDATA[org.openqa.selenium.ElementClickInterceptedException: 
element click intercepted: Element <div class="tab_tab__1SPyG tab_tab_type_current__2BEPc pt-4 pr-10 pb-4 pl-10 noselect">...</div> is not clickable at point (100, 155). Other element would receive the click: <div style="display: flex;">...</div>
  (Session info: chrome=126.0.6478.2379)
Build info: version: '4.18.1', revision: 'b1d3319b48'
System info: os.name: 'Windows 10', os.arch: 'amd64', os.version: '10.0', java.version: '11.0.22'
Driver info: org.openqa.selenium.chrome.ChromeDriver
Command: [2445fe7cfa7a708aef235441a622b4e5, clickElement {id=f.8355C340F6897DCC1B85555E441A3704.d.3252CFF9F4AA5A69B1CE0346F1D931CC.e.57}]
Capabilities {acceptInsecureCerts: false, browserName: chrome, browserVersion: 126.0.6478.2379, chrome: {chromedriverVersion: 126.0.6478.182 (5b5d8292ddf..., userDataDir: C:\Windows\SystemTemp\scope...}, fedcm:accounts: true, goog:chromeOptions: {debuggerAddress: localhost:59335}, networkConnectionEnabled: false, pageLoadStrategy: normal, platformName: windows, proxy: Proxy(), se:cdp: ws://localhost:59335/devtoo..., se:cdpVersion: 126.0.6478.2379, setWindowRect: true, strictFileInteractability: false, timeouts: {implicit: 0, pageLoad: 300000, script: 30000}, unhandledPromptBehavior: dismiss and notify, webauthn:extension:credBlob: true, webauthn:extension:largeBlob: true, webauthn:extension:minPinLength: true, webauthn:extension:prf: true, webauthn:virtualAuthenticators: true}
Element: [[ChromeDriver: chrome on windows (2445fe7cfa7a708aef235441a622b4e5)] -> xpath: .//div[span[text()='Булки']]]
Session ID: 2445fe7cfa7a708aef235441a622b4e5
	at ConstructorTests.goToBunTabTest(ConstructorTests.java:23)
]]></error>
    <system-err><![CDATA[SLF4J(W): No SLF4J providers were found.
SLF4J(W): Defaulting to no-operation (NOP) logger implementation
SLF4J(W): See https://www.slf4j.org/codes.html#noProviders for further details.
авг. 15, 2024 12:20:55 PM org.openqa.selenium.devtools.CdpVersionFinder findNearestMatch
WARNING: Unable to find an exact match for CDP version 126, returning the closest version; found: 122; Please update to a Selenium version that supports CDP version 126
]]></system-err>
  </testcase>
  <testcase name="goToSauceTabTest" classname="ConstructorTests" time="9.302"/>
  <testcase name="goToFillingTabTest" classname="ConstructorTests" time="7.386"/>
</testsuite>