<?xml version="1.0" encoding="UTF-8"?>
<testsuite xmlns:xsi="http://www.w3.org/2001/XMLSchema-instance" xsi:noNamespaceSchemaLocation="https://maven.apache.org/surefire/maven-surefire-plugin/xsd/surefire-test-report.xsd" name="SignUpTests" time="26.499" tests="2" errors="1" skipped="0" failures="0">
  <properties>
[...]
</properties>
  <testcase name="checkInvalidPasswordMessageVisibility" classname="SignUpTests" time="8.564"/>
  <testcase name="checkSuccessfulRegistrationTest" classname="SignUpTests" time="17.923">
    <error message="Expected condition failed: waiting for visibility of element located by By.xpath: //h2[text()=&apos;Вход&apos;] (tried for 10 second(s) with 500 milliseconds interval)&#10;Build info: version: &apos;4.18.1&apos;, revision: &apos;b1d3319b48&apos;&#10;System info: os.name: &apos;Windows 10&apos;, os.arch: &apos;amd64&apos;, os.version: &apos;10.0&apos;, java.version: &apos;11.0.22&apos;&#10;Driver info: org.openqa.selenium.chrome.ChromeDriver&#10;Capabilities {acceptInsecureCerts: false, browserName: chrome, browserVersion: 126.0.6478.2379, chrome: {chromedriverVersion: 126.0.6478.182 (5b5d8292ddf..., userDataDir: C:\Windows\SystemTemp\scope...}, fedcm:accounts: true, goog:chromeOptions: {debuggerAddress: localhost:59822}, networkConnectionEnabled: false, pageLoadStrategy: normal, platformName: windows, proxy: Proxy(), se:cdp: ws://localhost:59822/devtoo..., se:cdpVersion: 126.0.6478.2379, setWindowRect: true, strictFileInteractability: false, timeouts: {implicit: 0, pageLoad: 300000, script: 30000}, unhandledPromptBehavior: dismiss and notify, webauthn:extension:credBlob: true, webauthn:extension:largeBlob: true, webauthn:extension:minPinLength: true, webauthn:extension:prf: true, webauthn:virtualAuthenticators: true}&#10;Session ID: cfa583801f489814bd12f50fb29dc794" type="org.openqa.selenium.TimeoutException">org.openqa.selenium.TimeoutException: 
Expected condition failed: waiting for visibility of element located by By.xpath: //h2[text()='Вход'] (tried for 10 second(s) with 500 milliseconds interval)
Build info: version: '4.18.1', revision: 'b1d3319b48'
System info: os.name: 'Windows 10', os.arch: 'amd64', os.version: '10.0', java.version: '11.0.22'
Driver info: org.openqa.selenium.chrome.ChromeDriver
Capabilities {acceptInsecureCerts: false, browserName: chrome, browserVersion: 126.0.6478.2379, chrome: {chromedriverVersion: 126.0.6478.182 (5b5d8292ddf..., userDataDir: C:\Windows\SystemTemp\scope...}, fedcm:accounts: true, goog:chromeOptions: {debuggerAddress: localhost:59822}, networkConnectionEnabled: false, pageLoadStrategy: normal, platformName: windows, proxy: Proxy(), se:cdp: ws://localhost:59822/devtoo..., se:cdpVersion: 126.0.6478.2379, setWindowRect: true, strictFileInteractability: false, timeouts: {implicit: 0, pageLoad: 300000, script: 30000}, unhandledPromptBehavior: dismiss and notify, webauthn:extension:credBlob: true, webauthn:extension:largeBlob: true, webauthn:extension:minPinLength: true, webauthn:extension:prf: true, webauthn:virtualAuthenticators: true}
Session ID: cfa583801f489814bd12f50fb29dc794
	at SignUpTests.checkSuccessfulRegistrationTest(SignUpTests.java:60)
</error>
    <system-out><![CDATA[HTTP/1.1 200 OK
Date: Thu, 15 Aug 2024 09:23:45 GMT
Content-Type: application/json; charset=utf-8
Transfer-Encoding: chunked
Connection: keep-alive
X-Powered-By: Express
Access-Control-Allow-Origin: *
authorization: Bearer eyJhbGciOiJIUzI1NiIsInR5cCI6IkpXVCJ9.eyJpZCI6IjY2YmRjOTIxOWVkMjgwMDAxYjQ5MjBiOCIsImlhdCI6MTcyMzcxMzgyNSwiZXhwIjoxNzIzNzE1MDI1fQ.2bTHwzSGFGnAfRMWevHPtnJ3o6uAwPWCQge5t8Jjypw
ETag: W/"171-NzbQnv9IEJqJ1eTm7Myme0zWvAo"
CF-Cache-Status: DYNAMIC
Report-To: {"endpoints":[{"url":"https:\/\/a.nel.cloudflare.com\/report\/v4?s=U5q790ITzqzn59X6MsfTwUYRy2%2BCFlF3BH78T5yYU732HdifS86vcRwS2fy29uaBkK3SGhzNlE7cNf0k3fnmpv3tjrV4zDx7C2EwDLpHVyzUNYbGa5i%2BhHPeYZhx5RMqCTzBDWQ%2BljMLVOjlzBsNVNX25aI%3D"}],"group":"cf-nel","max_age":604800}
NEL: {"success_fraction":0,"report_to":"cf-nel","max_age":604800}
Server: cloudflare
CF-RAY: 8b3820b0bcc25d3d-FRA
Content-Encoding: gzip
alt-svc: h3=":443"; ma=86400

{
    "success": true,
    "user": {
        "email": "d5d9e13twj@yandex.ru",
        "name": "AEWjDAAuyV"
    },
    "accessToken": "Bearer eyJhbGciOiJIUzI1NiIsInR5cCI6IkpXVCJ9.eyJpZCI6IjY2YmRjOTIxOWVkMjgwMDAxYjQ5MjBiOCIsImlhdCI6MTcyMzcxMzgyNSwiZXhwIjoxNzIzNzE1MDI1fQ.2bTHwzSGFGnAfRMWevHPtnJ3o6uAwPWCQge5t8Jjypw",
    "refreshToken": "3496b06cf99f5f9ad371bba52169c1fcf01a128cbfe6143d0f611681ff079ec22c56a313c37ddd8c"
}
HTTP/1.1 202 Accepted
Date: Thu, 15 Aug 2024 09:23:59 GMT
Content-Type: application/json; charset=utf-8
Content-Length: 54
Connection: keep-alive
X-Powered-By: Express
Access-Control-Allow-Origin: *
ETag: W/"36-hDmZnQ3Ou/ynnqAeC6TYmyseuzY"
CF-Cache-Status: DYNAMIC
Report-To: {"endpoints":[{"url":"https:\/\/a.nel.cloudflare.com\/report\/v4?s=TLnDvsziqdysWumINF7IpvRb%2B74QqBOHMCc2n1PE0nKNeWfBuqk0AzWNRhEg17C6%2Bvoye0Fr6sdFqBMhtEAZ6vfLgsJN7fI2EEEfNSNzTUbywb4h3J2Y2kdpZuymO5tddgoKwENlxEsbSt9RGnTLvblARYM%3D"}],"group":"cf-nel","max_age":604800}
NEL: {"success_fraction":0,"report_to":"cf-nel","max_age":604800}
Server: cloudflare
CF-RAY: 8b382106be969f31-FRA
alt-svc: h3=":443"; ma=86400

{
    "success": true,
    "message": "User successfully removed"
}
]]></system-out>
    <system-err><![CDATA[авг. 15, 2024 12:23:13 PM org.openqa.selenium.devtools.CdpVersionFinder findNearestMatch
WARNING: Unable to find an exact match for CDP version 126, returning the closest version; found: 122; Please update to a Selenium version that supports CDP version 126
]]></system-err>
  </testcase>
</testsuite>